<?xml version="1.0" encoding="UTF-8"?>
<testsuite xmlns:xsi="http://www.w3.org/2001/XMLSchema-instance" xsi:noNamespaceSchemaLocation="https://maven.apache.org/surefire/maven-surefire-plugin/xsd/surefire-test-report-3.0.xsd" version="3.0" name="TestSuite" time="7.761" tests="2" errors="0" skipped="0" failures="0">
  <properties>
[...]
</properties>
  <testcase name="runScenario[&quot;Verify login functionality&quot;, &quot;Login Module&quot;](1)" classname="com.bdd.runners.LoginModuleRunner" time="4.203">
    <system-out><![CDATA[Our Execution Environment is:stage
Our Execution Environment is:stage
Our Execution Environment is:stage
]]></system-out>
    <system-err><![CDATA[SSttaratirntingg  ChCrhomreoDrmiveeDrr 2i.v4er1 .527.847010. (527f18e7d050f 9(324f31ced15f39f3473c3131f474315434583f81f155cc000b03b703e7da06e70d6a) 6on7 0po6r)t  2o02n7 2
pOnolry tl oc2a0l 1c2o1n
nOecntlioyn s laorec alloaweld .c
onnections are allowed.
Feb 02, 2023 1:42:26 PM org.openqa.selenium.remote.ProtocolHandshake createSession
INFO: Detected dialect: OSS
Feb 02, 2023 1:42:26 PM org.openqa.selenium.remote.ProtocolHandshake createSession
INFO: Detected dialect: OSS
ERROR StatusLogger Log4j2 could not find a logging implementation. Please add log4j-core to the classpath. Using SimpleLogger to log to the console...
]]></system-err>
  </testcase>
  <testcase name="runScenario[&quot;Verify that Checkout is working with correct credentials&quot;, &quot;Checkout Module&quot;](2)" classname="com.bdd.runners.LoginModuleRunner" time="7.112">
    <system-out><![CDATA[Our Execution Environment is:stage
]]></system-out>
  </testcase>
</testsuite>