<?xml version="1.0" encoding="UTF-8"?>
<testng-results skipped="0" failed="0" ignored="0" total="2" passed="2">
  <reporter-output>
  </reporter-output>
  <suite name="BDD Test Suite" duration-ms="6648" started-at="2023-02-02T10:14:13 UTC" finished-at="2023-02-02T10:14:20 UTC">
    <groups>
      <group name="cucumber">
        <method signature="AbstractTestNGCucumberTests.runScenario(io.cucumber.testng.PickleEventWrapper, io.cucumber.testng.CucumberFeatureWrapper)[pri:0, instance:com.bdd.runners.LoginModuleRunner@631330c]" name="runScenario" class="io.cucumber.testng.AbstractTestNGCucumberTests"/>
      </group> <!-- cucumber -->
    </groups>
    <test name="BDD Tests" duration-ms="6648" started-at="2023-02-02T10:14:13 UTC" finished-at="2023-02-02T10:14:20 UTC">
      <class name="com.bdd.runners.LoginModuleRunner">
        <test-method status="PASS" signature="setUpClass()[pri:0, instance:com.bdd.runners.LoginModuleRunner@631330c]" name="setUpClass" is-config="true" duration-ms="168" started-at="2023-02-02T10:14:13 UTC" finished-at="2023-02-02T10:14:14 UTC">
          <reporter-output>
          </reporter-output>
        </test-method> <!-- setUpClass -->
        <test-method status="PASS" signature="runScenario(io.cucumber.testng.PickleEventWrapper, io.cucumber.testng.CucumberFeatureWrapper)[pri:0, instance:com.bdd.runners.LoginModuleRunner@631330c]" name="runScenario" duration-ms="6342" started-at="2023-02-02T10:14:14 UTC" description="Runs Cucumber Scenarios" data-provider="scenarios" finished-at="2023-02-02T10:14:20 UTC">
          <params>
            <param index="0">
              <value>
                <![CDATA["Verify that Checkout is working with correct credentials"]]>
              </value>
            </param>
            <param index="1">
              <value>
                <![CDATA["Checkout Module"]]>
              </value>
            </param>
          </params>
          <reporter-output>
          </reporter-output>
        </test-method> <!-- runScenario -->
        <test-method status="PASS" signature="runScenario(io.cucumber.testng.PickleEventWrapper, io.cucumber.testng.CucumberFeatureWrapper)[pri:0, instance:com.bdd.runners.LoginModuleRunner@631330c]" name="runScenario" duration-ms="3552" started-at="2023-02-02T10:14:14 UTC" description="Runs Cucumber Scenarios" data-provider="scenarios" finished-at="2023-02-02T10:14:17 UTC">
          <params>
            <param index="0">
              <value>
                <![CDATA["Verify login functionality"]]>
              </value>
            </param>
            <param index="1">
              <value>
                <![CDATA["Login Module"]]>
              </value>
            </param>
          </params>
          <reporter-output>
          </reporter-output>
        </test-method> <!-- runScenario -->
        <test-method status="PASS" signature="tearDownClass()[pri:0, instance:com.bdd.runners.LoginModuleRunner@631330c]" name="tearDownClass" is-config="true" duration-ms="47" started-at="2023-02-02T10:14:20 UTC" finished-at="2023-02-02T10:14:20 UTC">
          <reporter-output>
          </reporter-output>
        </test-method> <!-- tearDownClass -->
      </class> <!-- com.bdd.runners.LoginModuleRunner -->
    </test> <!-- BDD Tests -->
  </suite> <!-- BDD Test Suite -->
</testng-results>
